<?xml version="1.0" encoding="UTF-8"?>
<!-- Generated by org.testng.reporters.JUnitXMLReporter -->
<testsuite ignored="0" hostname="HDLCAMPUS3170" failures="0" tests="3" name="Surefire test" time="8.353" errors="0" timestamp="2022-07-18T14:53:29 IST">
  <testcase classname="com.info.SeleniumTest.ApplicationTesting" name="testCaseTwo" time="0.003"/>
  <testcase classname="com.info.SeleniumTest.WebApplicationTesting" name="loginTestCase" time="6.093"/>
  <testcase classname="com.info.SeleniumTest.WebApplicationTesting" name="sampleTestCase" time="0.0"/>
</testsuite> <!-- Surefire test -->
