<?xml version="1.0" encoding="UTF-8"?>
<testng-results ignored="0" total="2" passed="2" failed="0" skipped="0">
  <reporter-output>
  </reporter-output>
  <suite started-at="2022-07-19T15:01:48 IST" name="Default suite" finished-at="2022-07-19T15:02:00 IST" duration-ms="11660">
    <groups>
    </groups>
    <test started-at="2022-07-19T15:01:48 IST" name="Default test" finished-at="2022-07-19T15:02:00 IST" duration-ms="11660">
      <class name="com.info.SeleniumTest.WebApplicationTesting">
        <test-method signature="loginTestCase()[pri:0, instance:com.info.SeleniumTest.WebApplicationTesting@7dfb0c0f]" started-at="2022-07-19T15:01:48 IST" name="loginTestCase" finished-at="2022-07-19T15:02:00 IST" duration-ms="11620" status="PASS">
          <reporter-output>
          </reporter-output>
        </test-method> <!-- loginTestCase -->
        <test-method signature="sampleTestCase()[pri:0, instance:com.info.SeleniumTest.WebApplicationTesting@7dfb0c0f]" started-at="2022-07-19T15:02:00 IST" name="sampleTestCase" finished-at="2022-07-19T15:02:00 IST" duration-ms="1" status="PASS">
          <reporter-output>
          </reporter-output>
        </test-method> <!-- sampleTestCase -->
      </class> <!-- com.info.SeleniumTest.WebApplicationTesting -->
    </test> <!-- Default test -->
  </suite> <!-- Default suite -->
</testng-results>
